2019-02-06 11:02:14,168 [Worker-3: Loading available Gradle versions] INFO  c.g.t.t.d.PublishedGradleVersions - Gradle version information cache is up-to-date. Trying to read.
2019-02-06 11:12:47,150 [Worker-15: Import Getting Started Content] INFO  o.e.m.c.i.l.LifecycleMappingFactory - Using org.eclipse.m2e.jdt.JarLifecycleMapping lifecycle mapping for MavenProject: com.vidhya.docker:SpringDocker:0.0.1-SNAPSHOT @ C:\164457_Vidhya\STS\Docker\SpringDocker\pom.xml.
2019-02-06 11:12:49,277 [Worker-15: Import Getting Started Content] INFO  o.e.m.j.i.AbstractJavaProjectConfigurator - Adding source folder /SpringDocker/src/main/java
2019-02-06 11:12:49,278 [Worker-15: Import Getting Started Content] INFO  o.e.m.j.i.AbstractJavaProjectConfigurator - Adding resource folder /SpringDocker/src/main/resources
2019-02-06 11:12:49,288 [Worker-15: Import Getting Started Content] INFO  o.e.m.j.i.AbstractJavaProjectConfigurator - Adding resource folder /SpringDocker/src/main/resources
2019-02-06 11:12:49,301 [Worker-15: Import Getting Started Content] INFO  o.e.m.j.i.AbstractJavaProjectConfigurator - Adding source folder /SpringDocker/src/test/java
2019-02-06 11:12:49,847 [Worker-15: Import Getting Started Content] INFO  o.e.m.c.i.p.ProjectConfigurationManager - Imported and configured 1 project(s) in 4 sec
2019-02-06 11:12:49,849 [Worker-15: Import Getting Started Content] INFO  o.e.m.c.i.p.ProjectConfigurationManager - Update started
2019-02-06 11:12:50,693 [Worker-15: Import Getting Started Content] INFO  o.e.m.c.i.l.LifecycleMappingFactory - Using org.eclipse.m2e.jdt.JarLifecycleMapping lifecycle mapping for MavenProject: com.vidhya.docker:SpringDocker:0.0.1-SNAPSHOT @ C:\164457_Vidhya\STS\Docker\SpringDocker\pom.xml.
2019-02-06 11:12:51,949 [Worker-15: Import Getting Started Content] INFO  o.e.m.j.i.AbstractJavaProjectConfigurator - Adding source folder /SpringDocker/src/main/java
2019-02-06 11:12:51,949 [Worker-15: Import Getting Started Content] INFO  o.e.m.j.i.AbstractJavaProjectConfigurator - Adding resource folder /SpringDocker/src/main/resources
2019-02-06 11:12:51,950 [Worker-15: Import Getting Started Content] INFO  o.e.m.j.i.AbstractJavaProjectConfigurator - Adding resource folder /SpringDocker/src/main/resources
2019-02-06 11:12:51,952 [Worker-15: Import Getting Started Content] INFO  o.e.m.j.i.AbstractJavaProjectConfigurator - Adding source folder /SpringDocker/src/test/java
2019-02-06 11:12:52,498 [Worker-15: Import Getting Started Content] INFO  o.e.m.c.i.p.ProjectConfigurationManager - Update completed: 2 sec
2019-02-06 11:12:54,849 [Worker-17: Building workspace] INFO  o.e.m.c.i.embedder.EclipseLogger - Using 'UTF-8' encoding to copy filtered resources.
2019-02-06 11:12:54,852 [Worker-17: Building workspace] INFO  o.e.m.c.i.embedder.EclipseLogger - Copying 1 resource
2019-02-06 11:12:54,868 [Worker-17: Building workspace] INFO  o.e.m.c.i.embedder.EclipseLogger - Copying 0 resource
2019-02-06 11:12:54,870 [Worker-17: Building workspace] INFO  o.e.m.c.i.embedder.EclipseLogger - Using 'UTF-8' encoding to copy filtered resources.
2019-02-06 11:12:54,870 [Worker-17: Building workspace] INFO  o.e.m.c.i.embedder.EclipseLogger - skip non existing resourceDirectory C:\164457_Vidhya\STS\Docker\SpringDocker\src\test\resources
2019-02-06 11:13:40,695 [Worker-16: Building workspace] INFO  o.e.m.c.i.embedder.EclipseLogger - Using 'UTF-8' encoding to copy filtered resources.
2019-02-06 11:13:40,705 [Worker-16: Building workspace] INFO  o.e.m.c.i.embedder.EclipseLogger - Copying 1 resource
2019-02-06 11:13:40,708 [Worker-16: Building workspace] INFO  o.e.m.c.i.embedder.EclipseLogger - Copying 0 resource
2019-02-06 11:13:40,710 [Worker-16: Building workspace] INFO  o.e.m.c.i.embedder.EclipseLogger - Using 'UTF-8' encoding to copy filtered resources.
2019-02-06 11:13:40,710 [Worker-16: Building workspace] INFO  o.e.m.c.i.embedder.EclipseLogger - skip non existing resourceDirectory C:\164457_Vidhya\STS\Docker\SpringDocker\src\test\resources
2019-02-06 11:14:42,150 [Worker-17: Building workspace] INFO  o.e.m.c.i.embedder.EclipseLogger - Using 'UTF-8' encoding to copy filtered resources.
2019-02-06 11:14:42,153 [Worker-17: Building workspace] INFO  o.e.m.c.i.embedder.EclipseLogger - Copying 1 resource
2019-02-06 11:14:42,156 [Worker-17: Building workspace] INFO  o.e.m.c.i.embedder.EclipseLogger - Copying 0 resource
2019-02-06 11:14:42,158 [Worker-17: Building workspace] INFO  o.e.m.c.i.embedder.EclipseLogger - Using 'UTF-8' encoding to copy filtered resources.
2019-02-06 11:14:42,158 [Worker-17: Building workspace] INFO  o.e.m.c.i.embedder.EclipseLogger - skip non existing resourceDirectory C:\164457_Vidhya\STS\Docker\SpringDocker\src\test\resources
2019-02-06 11:15:08,547 [Worker-15: Building workspace] INFO  o.e.m.c.i.embedder.EclipseLogger - Using 'UTF-8' encoding to copy filtered resources.
2019-02-06 11:15:08,548 [Worker-15: Building workspace] INFO  o.e.m.c.i.embedder.EclipseLogger - Copying 1 resource
2019-02-06 11:15:08,550 [Worker-15: Building workspace] INFO  o.e.m.c.i.embedder.EclipseLogger - Copying 0 resource
2019-02-06 11:15:08,552 [Worker-15: Building workspace] INFO  o.e.m.c.i.embedder.EclipseLogger - Using 'UTF-8' encoding to copy filtered resources.
2019-02-06 11:15:08,552 [Worker-15: Building workspace] INFO  o.e.m.c.i.embedder.EclipseLogger - skip non existing resourceDirectory C:\164457_Vidhya\STS\Docker\SpringDocker\src\test\resources
2019-02-06 11:18:25,916 [Worker-16: Building workspace] INFO  o.e.m.c.i.l.LifecycleMappingFactory - Using org.eclipse.m2e.jdt.JarLifecycleMapping lifecycle mapping for MavenProject: com.vidhya.docker:SpringDocker:0.0.1-SNAPSHOT @ C:\164457_Vidhya\STS\Docker\SpringDocker\pom.xml.
2019-02-06 11:18:26,806 [Worker-16: Building workspace] INFO  o.e.m.c.i.embedder.EclipseLogger - Using 'UTF-8' encoding to copy filtered resources.
2019-02-06 11:18:26,809 [Worker-16: Building workspace] INFO  o.e.m.c.i.embedder.EclipseLogger - Copying 0 resource
2019-02-06 11:18:26,809 [Worker-16: Building workspace] INFO  o.e.m.c.i.embedder.EclipseLogger - Copying 0 resource
2019-02-06 11:18:26,811 [Worker-16: Building workspace] INFO  o.e.m.c.i.embedder.EclipseLogger - Using 'UTF-8' encoding to copy filtered resources.
2019-02-06 11:18:26,811 [Worker-16: Building workspace] INFO  o.e.m.c.i.embedder.EclipseLogger - skip non existing resourceDirectory C:\164457_Vidhya\STS\Docker\SpringDocker\src\test\resources
2019-02-06 11:19:27,375 [Worker-7: Building workspace] INFO  o.e.m.c.i.l.LifecycleMappingFactory - Using org.eclipse.m2e.jdt.JarLifecycleMapping lifecycle mapping for MavenProject: com.vidhya.docker:SpringDocker:0.0.1-SNAPSHOT @ C:\164457_Vidhya\STS\Docker\SpringDocker\pom.xml.
2019-02-06 11:19:28,673 [Worker-7: Building workspace] INFO  o.e.m.c.i.embedder.EclipseLogger - Using 'UTF-8' encoding to copy filtered resources.
2019-02-06 11:19:28,676 [Worker-7: Building workspace] INFO  o.e.m.c.i.embedder.EclipseLogger - Copying 0 resource
2019-02-06 11:19:28,676 [Worker-7: Building workspace] INFO  o.e.m.c.i.embedder.EclipseLogger - Copying 0 resource
2019-02-06 11:19:28,678 [Worker-7: Building workspace] INFO  o.e.m.c.i.embedder.EclipseLogger - Using 'UTF-8' encoding to copy filtered resources.
2019-02-06 11:19:28,678 [Worker-7: Building workspace] INFO  o.e.m.c.i.embedder.EclipseLogger - skip non existing resourceDirectory C:\164457_Vidhya\STS\Docker\SpringDocker\src\test\resources
2019-02-06 11:19:36,585 [Worker-14: Building workspace] INFO  o.e.m.c.i.l.LifecycleMappingFactory - Using org.eclipse.m2e.jdt.JarLifecycleMapping lifecycle mapping for MavenProject: com.vidhya.docker:SpringDocker:0.0.1-SNAPSHOT @ C:\164457_Vidhya\STS\Docker\SpringDocker\pom.xml.
2019-02-06 11:19:37,846 [Worker-14: Building workspace] INFO  o.e.m.c.i.embedder.EclipseLogger - Using 'UTF-8' encoding to copy filtered resources.
2019-02-06 11:19:37,848 [Worker-14: Building workspace] INFO  o.e.m.c.i.embedder.EclipseLogger - Copying 0 resource
2019-02-06 11:19:37,848 [Worker-14: Building workspace] INFO  o.e.m.c.i.embedder.EclipseLogger - Copying 0 resource
2019-02-06 11:19:37,850 [Worker-14: Building workspace] INFO  o.e.m.c.i.embedder.EclipseLogger - Using 'UTF-8' encoding to copy filtered resources.
2019-02-06 11:19:37,850 [Worker-14: Building workspace] INFO  o.e.m.c.i.embedder.EclipseLogger - skip non existing resourceDirectory C:\164457_Vidhya\STS\Docker\SpringDocker\src\test\resources
2019-02-06 11:21:57,883 [Worker-17: Building workspace] INFO  o.e.m.c.i.embedder.EclipseLogger - Using 'UTF-8' encoding to copy filtered resources.
2019-02-06 11:21:57,883 [Worker-17: Building workspace] INFO  o.e.m.c.i.embedder.EclipseLogger - Copying 0 resource
2019-02-06 11:21:57,883 [Worker-17: Building workspace] INFO  o.e.m.c.i.embedder.EclipseLogger - Copying 0 resource
2019-02-06 11:21:57,885 [Worker-17: Building workspace] INFO  o.e.m.c.i.embedder.EclipseLogger - Using 'UTF-8' encoding to copy filtered resources.
2019-02-06 11:21:57,885 [Worker-17: Building workspace] INFO  o.e.m.c.i.embedder.EclipseLogger - skip non existing resourceDirectory C:\164457_Vidhya\STS\Docker\SpringDocker\src\test\resources
2019-02-06 11:24:06,355 [Worker-14: Building workspace] INFO  o.e.m.c.i.l.LifecycleMappingFactory - Using org.eclipse.m2e.jdt.JarLifecycleMapping lifecycle mapping for MavenProject: com.vidhya.docker:SpringDocker:0.0.1-SNAPSHOT @ C:\164457_Vidhya\STS\Docker\SpringDocker\pom.xml.
2019-02-06 11:24:07,621 [Worker-14: Building workspace] INFO  o.e.m.c.i.embedder.EclipseLogger - Using 'UTF-8' encoding to copy filtered resources.
2019-02-06 11:24:07,624 [Worker-14: Building workspace] INFO  o.e.m.c.i.embedder.EclipseLogger - Copying 0 resource
2019-02-06 11:24:07,624 [Worker-14: Building workspace] INFO  o.e.m.c.i.embedder.EclipseLogger - Copying 0 resource
2019-02-06 11:24:07,626 [Worker-14: Building workspace] INFO  o.e.m.c.i.embedder.EclipseLogger - Using 'UTF-8' encoding to copy filtered resources.
2019-02-06 11:24:07,626 [Worker-14: Building workspace] INFO  o.e.m.c.i.embedder.EclipseLogger - skip non existing resourceDirectory C:\164457_Vidhya\STS\Docker\SpringDocker\src\test\resources
2019-02-06 11:24:13,270 [Worker-17: Building workspace] INFO  o.e.m.c.i.embedder.EclipseLogger - Using 'UTF-8' encoding to copy filtered resources.
2019-02-06 11:24:13,270 [Worker-17: Building workspace] INFO  o.e.m.c.i.embedder.EclipseLogger - Copying 0 resource
2019-02-06 11:24:13,270 [Worker-17: Building workspace] INFO  o.e.m.c.i.embedder.EclipseLogger - Copying 0 resource
2019-02-06 11:24:13,271 [Worker-17: Building workspace] INFO  o.e.m.c.i.embedder.EclipseLogger - Using 'UTF-8' encoding to copy filtered resources.
2019-02-06 11:24:13,272 [Worker-17: Building workspace] INFO  o.e.m.c.i.embedder.EclipseLogger - skip non existing resourceDirectory C:\164457_Vidhya\STS\Docker\SpringDocker\src\test\resources
2019-02-06 11:36:49,499 [Worker-24: Building workspace] INFO  o.e.m.c.i.embedder.EclipseLogger - Using 'UTF-8' encoding to copy filtered resources.
2019-02-06 11:36:49,499 [Worker-24: Building workspace] INFO  o.e.m.c.i.embedder.EclipseLogger - Copying 0 resource
2019-02-06 11:36:49,499 [Worker-24: Building workspace] INFO  o.e.m.c.i.embedder.EclipseLogger - Copying 0 resource
2019-02-06 11:36:49,501 [Worker-24: Building workspace] INFO  o.e.m.c.i.embedder.EclipseLogger - Using 'UTF-8' encoding to copy filtered resources.
2019-02-06 11:36:49,501 [Worker-24: Building workspace] INFO  o.e.m.c.i.embedder.EclipseLogger - skip non existing resourceDirectory C:\164457_Vidhya\STS\Docker\SpringDocker\src\test\resources
2019-02-06 11:38:16,342 [Worker-24: Launching Executing clean in C__164457_Vidhya_STS_Docker_SpringDocker] INFO  o.e.m.i.launch.MavenLaunchDelegate - C:\164457_Vidhya\STS\Docker\SpringDocker
2019-02-06 11:38:16,342 [Worker-24: Launching Executing clean in C__164457_Vidhya_STS_Docker_SpringDocker] INFO  o.e.m.i.launch.MavenLaunchDelegate -  mvn -Ppom.xml -B clean
2019-02-06 11:38:19,315 [Worker-24: Building workspace] INFO  o.e.m.c.i.embedder.EclipseLogger - Using 'UTF-8' encoding to copy filtered resources.
2019-02-06 11:38:19,316 [Worker-24: Building workspace] INFO  o.e.m.c.i.embedder.EclipseLogger - Copying 1 resource
2019-02-06 11:38:19,329 [Worker-24: Building workspace] INFO  o.e.m.c.i.embedder.EclipseLogger - Copying 0 resource
2019-02-06 11:38:19,330 [Worker-24: Building workspace] INFO  o.e.m.c.i.embedder.EclipseLogger - Using 'UTF-8' encoding to copy filtered resources.
2019-02-06 11:38:19,330 [Worker-24: Building workspace] INFO  o.e.m.c.i.embedder.EclipseLogger - skip non existing resourceDirectory C:\164457_Vidhya\STS\Docker\SpringDocker\src\test\resources
2019-02-06 11:38:51,968 [Worker-24: Launching Executing install in C__164457_Vidhya_STS_Docker_SpringDocker] INFO  o.e.m.i.launch.MavenLaunchDelegate - C:\164457_Vidhya\STS\Docker\SpringDocker
2019-02-06 11:38:51,969 [Worker-24: Launching Executing install in C__164457_Vidhya_STS_Docker_SpringDocker] INFO  o.e.m.i.launch.MavenLaunchDelegate -  mvn -Ppom.xml -B install
2019-02-06 11:38:55,754 [Worker-23: Building workspace] INFO  o.e.m.c.i.embedder.EclipseLogger - Using 'UTF-8' encoding to copy filtered resources.
2019-02-06 11:38:55,755 [Worker-23: Building workspace] INFO  o.e.m.c.i.embedder.EclipseLogger - Copying 1 resource
2019-02-06 11:38:55,757 [Worker-23: Building workspace] INFO  o.e.m.c.i.embedder.EclipseLogger - Copying 0 resource
2019-02-06 11:38:55,758 [Worker-23: Building workspace] INFO  o.e.m.c.i.embedder.EclipseLogger - Using 'UTF-8' encoding to copy filtered resources.
2019-02-06 11:38:55,758 [Worker-23: Building workspace] INFO  o.e.m.c.i.embedder.EclipseLogger - skip non existing resourceDirectory C:\164457_Vidhya\STS\Docker\SpringDocker\src\test\resources
2019-02-06 11:42:12,233 [main] INFO  o.e.m2e.actions.ExecutePomAction - Creating new launch configuration
2019-02-06 11:42:32,143 [Worker-26: Launching SpringDocker] INFO  o.e.m.i.launch.MavenLaunchDelegate - C:\164457_Vidhya\STS\Docker\SpringDocker
2019-02-06 11:42:32,143 [Worker-26: Launching SpringDocker] INFO  o.e.m.i.launch.MavenLaunchDelegate -  mvn -Ppom.xml -B spring boot with docker
2019-02-06 11:42:44,357 [Worker-24: Launching Executing clean in C__164457_Vidhya_STS_Docker_SpringDocker] INFO  o.e.m.i.launch.MavenLaunchDelegate - C:\164457_Vidhya\STS\Docker\SpringDocker
2019-02-06 11:42:44,357 [Worker-24: Launching Executing clean in C__164457_Vidhya_STS_Docker_SpringDocker] INFO  o.e.m.i.launch.MavenLaunchDelegate -  mvn -Ppom.xml -B clean
2019-02-06 11:42:46,810 [Worker-28: Building workspace] INFO  o.e.m.c.i.embedder.EclipseLogger - Using 'UTF-8' encoding to copy filtered resources.
2019-02-06 11:42:46,810 [Worker-28: Building workspace] INFO  o.e.m.c.i.embedder.EclipseLogger - Copying 1 resource
2019-02-06 11:42:46,814 [Worker-28: Building workspace] INFO  o.e.m.c.i.embedder.EclipseLogger - Copying 0 resource
2019-02-06 11:42:46,816 [Worker-28: Building workspace] INFO  o.e.m.c.i.embedder.EclipseLogger - Using 'UTF-8' encoding to copy filtered resources.
2019-02-06 11:42:46,816 [Worker-28: Building workspace] INFO  o.e.m.c.i.embedder.EclipseLogger - skip non existing resourceDirectory C:\164457_Vidhya\STS\Docker\SpringDocker\src\test\resources
2019-02-06 11:43:16,081 [Worker-29: Launching Executing clean in C__164457_Vidhya_STS_Docker_SpringDocker] INFO  o.e.m.i.launch.MavenLaunchDelegate - C:\164457_Vidhya\STS\Docker\SpringDocker
2019-02-06 11:43:16,081 [Worker-29: Launching Executing clean in C__164457_Vidhya_STS_Docker_SpringDocker] INFO  o.e.m.i.launch.MavenLaunchDelegate -  mvn -Ppom.xml -B clean
2019-02-06 11:43:18,619 [Worker-24: Building workspace] INFO  o.e.m.c.i.embedder.EclipseLogger - Using 'UTF-8' encoding to copy filtered resources.
2019-02-06 11:43:18,620 [Worker-24: Building workspace] INFO  o.e.m.c.i.embedder.EclipseLogger - Copying 1 resource
2019-02-06 11:43:18,622 [Worker-24: Building workspace] INFO  o.e.m.c.i.embedder.EclipseLogger - Copying 0 resource
2019-02-06 11:43:18,624 [Worker-24: Building workspace] INFO  o.e.m.c.i.embedder.EclipseLogger - Using 'UTF-8' encoding to copy filtered resources.
2019-02-06 11:43:18,624 [Worker-24: Building workspace] INFO  o.e.m.c.i.embedder.EclipseLogger - skip non existing resourceDirectory C:\164457_Vidhya\STS\Docker\SpringDocker\src\test\resources
2019-02-06 11:43:30,016 [main] INFO  o.e.m2e.actions.ExecutePomAction - Creating new launch configuration
2019-02-06 11:43:44,622 [Worker-24: Launching SpringDocker (1)] INFO  o.e.m.i.launch.MavenLaunchDelegate - C:\164457_Vidhya\STS\Docker\SpringDocker
2019-02-06 11:43:44,622 [Worker-24: Launching SpringDocker (1)] INFO  o.e.m.i.launch.MavenLaunchDelegate -  mvn -B package
2019-02-06 11:44:24,361 [main] INFO  o.e.m2e.actions.ExecutePomAction - Creating new launch configuration
2019-02-06 11:44:48,539 [Worker-24: Launching SpringDocker (2)] INFO  o.e.m.i.launch.MavenLaunchDelegate - C:\164457_Vidhya\STS\Docker\SpringDocker
2019-02-06 11:44:48,540 [Worker-24: Launching SpringDocker (2)] INFO  o.e.m.i.launch.MavenLaunchDelegate -  mvn -Ppom.xml -B package
2019-02-06 11:45:30,236 [Worker-29: Building workspace] INFO  o.e.m.c.i.l.LifecycleMappingFactory - Using org.eclipse.m2e.jdt.JarLifecycleMapping lifecycle mapping for MavenProject: com.vidhya.docker:SpringDocker:0.0.1-SNAPSHOT @ C:\164457_Vidhya\STS\Docker\SpringDocker\pom.xml.
2019-02-06 11:45:31,493 [Worker-29: Building workspace] INFO  o.e.m.c.i.embedder.EclipseLogger - Using 'UTF-8' encoding to copy filtered resources.
2019-02-06 11:45:31,495 [Worker-29: Building workspace] INFO  o.e.m.c.i.embedder.EclipseLogger - Copying 0 resource
2019-02-06 11:45:31,496 [Worker-29: Building workspace] INFO  o.e.m.c.i.embedder.EclipseLogger - Copying 0 resource
2019-02-06 11:45:31,497 [Worker-29: Building workspace] INFO  o.e.m.c.i.embedder.EclipseLogger - Using 'UTF-8' encoding to copy filtered resources.
2019-02-06 11:45:31,497 [Worker-29: Building workspace] INFO  o.e.m.c.i.embedder.EclipseLogger - skip non existing resourceDirectory C:\164457_Vidhya\STS\Docker\SpringDocker\src\test\resources
2019-02-06 11:45:31,500 [Worker-29: Updating SpringDocker Sources] INFO  o.e.m.c.i.p.ProjectConfigurationManager - Update started
2019-02-06 11:45:32,246 [Worker-29: Updating SpringDocker Sources] INFO  o.e.m.c.i.l.LifecycleMappingFactory - Using org.eclipse.m2e.jdt.JarLifecycleMapping lifecycle mapping for MavenProject: com.vidhya.docker:SpringDocker:0.0.1-SNAPSHOT @ C:\164457_Vidhya\STS\Docker\SpringDocker\pom.xml.
2019-02-06 11:45:33,107 [Worker-29: Updating SpringDocker Sources] INFO  o.e.m.j.i.AbstractJavaProjectConfigurator - Adding source folder /SpringDocker/src/main/java
2019-02-06 11:45:33,107 [Worker-29: Updating SpringDocker Sources] INFO  o.e.m.j.i.AbstractJavaProjectConfigurator - Adding resource folder /SpringDocker/src/main/resources
2019-02-06 11:45:33,107 [Worker-29: Updating SpringDocker Sources] INFO  o.e.m.j.i.AbstractJavaProjectConfigurator - Adding resource folder /SpringDocker/src/main/resources
2019-02-06 11:45:33,108 [Worker-29: Updating SpringDocker Sources] INFO  o.e.m.j.i.AbstractJavaProjectConfigurator - Adding source folder /SpringDocker/src/test/java
2019-02-06 11:45:33,390 [Worker-29: Updating SpringDocker Sources] INFO  o.e.m.c.i.p.ProjectConfigurationManager - Update completed: 1 sec
2019-02-06 11:45:34,685 [Worker-24: Building workspace] INFO  o.e.m.c.i.embedder.EclipseLogger - Using 'UTF-8' encoding to copy filtered resources.
2019-02-06 11:45:34,686 [Worker-24: Building workspace] INFO  o.e.m.c.i.embedder.EclipseLogger - Copying 1 resource
2019-02-06 11:45:34,698 [Worker-24: Building workspace] INFO  o.e.m.c.i.embedder.EclipseLogger - Copying 0 resource
2019-02-06 11:45:34,700 [Worker-24: Building workspace] INFO  o.e.m.c.i.embedder.EclipseLogger - Using 'UTF-8' encoding to copy filtered resources.
2019-02-06 11:45:34,700 [Worker-24: Building workspace] INFO  o.e.m.c.i.embedder.EclipseLogger - skip non existing resourceDirectory C:\164457_Vidhya\STS\Docker\SpringDocker\src\test\resources
2019-02-06 11:45:40,242 [main] INFO  o.e.m2e.actions.ExecutePomAction - Creating new launch configuration
2019-02-06 11:45:46,987 [Worker-26: Launching SpringDocker (3)] INFO  o.e.m.i.launch.MavenLaunchDelegate - C:\164457_Vidhya\STS\Docker\SpringDocker
2019-02-06 11:45:46,987 [Worker-26: Launching SpringDocker (3)] INFO  o.e.m.i.launch.MavenLaunchDelegate -  mvn -B package
2019-02-06 11:46:00,406 [Worker-29: Launching Executing clean in C__164457_Vidhya_STS_Docker_SpringDocker] INFO  o.e.m.i.launch.MavenLaunchDelegate - C:\164457_Vidhya\STS\Docker\SpringDocker
2019-02-06 11:46:00,406 [Worker-29: Launching Executing clean in C__164457_Vidhya_STS_Docker_SpringDocker] INFO  o.e.m.i.launch.MavenLaunchDelegate -  mvn -B clean
2019-02-06 11:46:02,889 [Worker-24: Building workspace] INFO  o.e.m.c.i.embedder.EclipseLogger - Using 'UTF-8' encoding to copy filtered resources.
2019-02-06 11:46:02,890 [Worker-24: Building workspace] INFO  o.e.m.c.i.embedder.EclipseLogger - Copying 1 resource
2019-02-06 11:46:02,893 [Worker-24: Building workspace] INFO  o.e.m.c.i.embedder.EclipseLogger - Copying 0 resource
2019-02-06 11:46:02,895 [Worker-24: Building workspace] INFO  o.e.m.c.i.embedder.EclipseLogger - Using 'UTF-8' encoding to copy filtered resources.
2019-02-06 11:46:02,895 [Worker-24: Building workspace] INFO  o.e.m.c.i.embedder.EclipseLogger - skip non existing resourceDirectory C:\164457_Vidhya\STS\Docker\SpringDocker\src\test\resources
2019-02-06 11:46:10,882 [main] INFO  o.e.m2e.actions.ExecutePomAction - Creating new launch configuration
2019-02-06 11:49:16,423 [Worker-32: Launching SpringDocker4] INFO  o.e.m.i.launch.MavenLaunchDelegate - C:\164457_Vidhya\STS\Docker\SpringDocker
2019-02-06 11:49:16,424 [Worker-32: Launching SpringDocker4] INFO  o.e.m.i.launch.MavenLaunchDelegate -  mvn -B spring boot using docker
2019-02-06 11:53:10,072 [Worker-36: Launching Executing clean in C__164457_Vidhya_STS_Docker_SpringDocker] INFO  o.e.m.i.launch.MavenLaunchDelegate - C:\164457_Vidhya\STS\Docker\SpringDocker
2019-02-06 11:53:10,073 [Worker-36: Launching Executing clean in C__164457_Vidhya_STS_Docker_SpringDocker] INFO  o.e.m.i.launch.MavenLaunchDelegate -  mvn -B clean
2019-02-06 11:53:12,587 [Worker-37: Building workspace] INFO  o.e.m.c.i.embedder.EclipseLogger - Using 'UTF-8' encoding to copy filtered resources.
2019-02-06 11:53:12,588 [Worker-37: Building workspace] INFO  o.e.m.c.i.embedder.EclipseLogger - Copying 1 resource
2019-02-06 11:53:12,590 [Worker-37: Building workspace] INFO  o.e.m.c.i.embedder.EclipseLogger - Copying 0 resource
2019-02-06 11:53:12,592 [Worker-37: Building workspace] INFO  o.e.m.c.i.embedder.EclipseLogger - Using 'UTF-8' encoding to copy filtered resources.
2019-02-06 11:53:12,592 [Worker-37: Building workspace] INFO  o.e.m.c.i.embedder.EclipseLogger - skip non existing resourceDirectory C:\164457_Vidhya\STS\Docker\SpringDocker\src\test\resources
2019-02-06 11:53:44,431 [Worker-36: Launching Executing clean in C__164457_Vidhya_STS_Docker_SpringDocker] INFO  o.e.m.i.launch.MavenLaunchDelegate - C:\164457_Vidhya\STS\Docker\SpringDocker
2019-02-06 11:53:44,432 [Worker-36: Launching Executing clean in C__164457_Vidhya_STS_Docker_SpringDocker] INFO  o.e.m.i.launch.MavenLaunchDelegate -  mvn -B clean
2019-02-06 11:53:46,745 [Worker-28: Building workspace] INFO  o.e.m.c.i.embedder.EclipseLogger - Using 'UTF-8' encoding to copy filtered resources.
2019-02-06 11:53:46,746 [Worker-28: Building workspace] INFO  o.e.m.c.i.embedder.EclipseLogger - Copying 1 resource
2019-02-06 11:53:46,749 [Worker-28: Building workspace] INFO  o.e.m.c.i.embedder.EclipseLogger - Copying 0 resource
2019-02-06 11:53:46,751 [Worker-28: Building workspace] INFO  o.e.m.c.i.embedder.EclipseLogger - Using 'UTF-8' encoding to copy filtered resources.
2019-02-06 11:53:46,751 [Worker-28: Building workspace] INFO  o.e.m.c.i.embedder.EclipseLogger - skip non existing resourceDirectory C:\164457_Vidhya\STS\Docker\SpringDocker\src\test\resources
2019-02-06 11:53:56,343 [Worker-32: Launching Executing install in C__164457_Vidhya_STS_Docker_SpringDocker] INFO  o.e.m.i.launch.MavenLaunchDelegate - C:\164457_Vidhya\STS\Docker\SpringDocker
2019-02-06 11:53:56,343 [Worker-32: Launching Executing install in C__164457_Vidhya_STS_Docker_SpringDocker] INFO  o.e.m.i.launch.MavenLaunchDelegate -  mvn -B install
2019-02-06 11:53:59,946 [Worker-36: Building workspace] INFO  o.e.m.c.i.embedder.EclipseLogger - Using 'UTF-8' encoding to copy filtered resources.
2019-02-06 11:53:59,947 [Worker-36: Building workspace] INFO  o.e.m.c.i.embedder.EclipseLogger - Copying 1 resource
2019-02-06 11:53:59,949 [Worker-36: Building workspace] INFO  o.e.m.c.i.embedder.EclipseLogger - Copying 0 resource
2019-02-06 11:53:59,950 [Worker-36: Building workspace] INFO  o.e.m.c.i.embedder.EclipseLogger - Using 'UTF-8' encoding to copy filtered resources.
2019-02-06 11:53:59,950 [Worker-36: Building workspace] INFO  o.e.m.c.i.embedder.EclipseLogger - skip non existing resourceDirectory C:\164457_Vidhya\STS\Docker\SpringDocker\src\test\resources
2019-02-06 11:54:53,911 [Worker-28: Building workspace] INFO  o.e.m.c.i.l.LifecycleMappingFactory - Using org.eclipse.m2e.jdt.JarLifecycleMapping lifecycle mapping for MavenProject: com.vidhya.docker:SpringDocker:0.0.1-SNAPSHOT @ C:\164457_Vidhya\STS\Docker\SpringDocker\pom.xml.
2019-02-06 11:54:55,080 [Worker-28: Building workspace] INFO  o.e.m.c.i.embedder.EclipseLogger - Using 'UTF-8' encoding to copy filtered resources.
2019-02-06 11:54:55,084 [Worker-28: Building workspace] INFO  o.e.m.c.i.embedder.EclipseLogger - Copying 0 resource
2019-02-06 11:54:55,084 [Worker-28: Building workspace] INFO  o.e.m.c.i.embedder.EclipseLogger - Copying 0 resource
2019-02-06 11:54:55,085 [Worker-28: Building workspace] INFO  o.e.m.c.i.embedder.EclipseLogger - Using 'UTF-8' encoding to copy filtered resources.
2019-02-06 11:54:55,085 [Worker-28: Building workspace] INFO  o.e.m.c.i.embedder.EclipseLogger - skip non existing resourceDirectory C:\164457_Vidhya\STS\Docker\SpringDocker\src\test\resources
2019-02-06 11:55:52,748 [Worker-38: Building workspace] INFO  o.e.m.c.i.l.LifecycleMappingFactory - Using org.eclipse.m2e.jdt.JarLifecycleMapping lifecycle mapping for MavenProject: com.vidhya.docker:SpringDocker:0.0.1-SNAPSHOT @ C:\164457_Vidhya\STS\Docker\SpringDocker\pom.xml.
2019-02-06 11:55:54,079 [Worker-38: Building workspace] INFO  o.e.m.c.i.embedder.EclipseLogger - Using 'UTF-8' encoding to copy filtered resources.
2019-02-06 11:55:54,082 [Worker-38: Building workspace] INFO  o.e.m.c.i.embedder.EclipseLogger - Copying 0 resource
2019-02-06 11:55:54,082 [Worker-38: Building workspace] INFO  o.e.m.c.i.embedder.EclipseLogger - Copying 0 resource
2019-02-06 11:55:54,083 [Worker-38: Building workspace] INFO  o.e.m.c.i.embedder.EclipseLogger - Using 'UTF-8' encoding to copy filtered resources.
2019-02-06 11:55:54,083 [Worker-38: Building workspace] INFO  o.e.m.c.i.embedder.EclipseLogger - skip non existing resourceDirectory C:\164457_Vidhya\STS\Docker\SpringDocker\src\test\resources
2019-02-06 11:56:18,425 [Worker-28: Updating Maven Project] INFO  o.e.m.c.i.p.ProjectConfigurationManager - Update started
2019-02-06 11:56:19,227 [Worker-28: Updating Maven Project] INFO  o.e.m.c.i.l.LifecycleMappingFactory - Using org.eclipse.m2e.jdt.JarLifecycleMapping lifecycle mapping for MavenProject: com.vidhya.docker:SpringDocker:0.0.1-SNAPSHOT @ C:\164457_Vidhya\STS\Docker\SpringDocker\pom.xml.
2019-02-06 11:56:20,179 [Worker-28: Updating Maven Project] INFO  o.e.m.j.i.AbstractJavaProjectConfigurator - Adding source folder /SpringDocker/src/main/java
2019-02-06 11:56:20,179 [Worker-28: Updating Maven Project] INFO  o.e.m.j.i.AbstractJavaProjectConfigurator - Adding resource folder /SpringDocker/src/main/resources
2019-02-06 11:56:20,179 [Worker-28: Updating Maven Project] INFO  o.e.m.j.i.AbstractJavaProjectConfigurator - Adding resource folder /SpringDocker/src/main/resources
2019-02-06 11:56:20,180 [Worker-28: Updating Maven Project] INFO  o.e.m.j.i.AbstractJavaProjectConfigurator - Adding source folder /SpringDocker/src/test/java
2019-02-06 11:56:20,414 [Worker-28: Updating Maven Project] INFO  o.e.m.c.i.p.ProjectConfigurationManager - Update completed: 1 sec
2019-02-06 11:56:21,684 [Worker-32: Building workspace] INFO  o.e.m.c.i.embedder.EclipseLogger - Using 'UTF-8' encoding to copy filtered resources.
2019-02-06 11:56:21,684 [Worker-32: Building workspace] INFO  o.e.m.c.i.embedder.EclipseLogger - Copying 1 resource
2019-02-06 11:56:21,740 [Worker-32: Building workspace] INFO  o.e.m.c.i.embedder.EclipseLogger - Copying 0 resource
2019-02-06 11:56:21,741 [Worker-32: Building workspace] INFO  o.e.m.c.i.embedder.EclipseLogger - Using 'UTF-8' encoding to copy filtered resources.
2019-02-06 11:56:21,741 [Worker-32: Building workspace] INFO  o.e.m.c.i.embedder.EclipseLogger - skip non existing resourceDirectory C:\164457_Vidhya\STS\Docker\SpringDocker\src\test\resources
2019-02-06 11:56:31,791 [Worker-38: Launching Executing install in C__164457_Vidhya_STS_Docker_SpringDocker] INFO  o.e.m.i.launch.MavenLaunchDelegate - C:\164457_Vidhya\STS\Docker\SpringDocker
2019-02-06 11:56:31,791 [Worker-38: Launching Executing install in C__164457_Vidhya_STS_Docker_SpringDocker] INFO  o.e.m.i.launch.MavenLaunchDelegate -  mvn -B install
2019-02-06 11:57:45,109 [Worker-36: Building workspace] INFO  o.e.m.c.i.embedder.EclipseLogger - Using 'UTF-8' encoding to copy filtered resources.
2019-02-06 11:57:45,111 [Worker-36: Building workspace] INFO  o.e.m.c.i.embedder.EclipseLogger - Copying 1 resource
2019-02-06 11:57:45,113 [Worker-36: Building workspace] INFO  o.e.m.c.i.embedder.EclipseLogger - Copying 0 resource
2019-02-06 11:57:45,114 [Worker-36: Building workspace] INFO  o.e.m.c.i.embedder.EclipseLogger - Using 'UTF-8' encoding to copy filtered resources.
2019-02-06 11:57:45,114 [Worker-36: Building workspace] INFO  o.e.m.c.i.embedder.EclipseLogger - skip non existing resourceDirectory C:\164457_Vidhya\STS\Docker\SpringDocker\src\test\resources
2019-02-06 12:22:49,554 [Worker-43: Building workspace] INFO  o.e.m.c.i.l.LifecycleMappingFactory - Using org.eclipse.m2e.jdt.JarLifecycleMapping lifecycle mapping for MavenProject: com.vidhya.docker:SpringDocker:0.0.1-SNAPSHOT @ C:\164457_Vidhya\STS\Docker\SpringDocker\pom.xml.
2019-02-06 12:22:52,378 [Worker-43: Building workspace] INFO  o.e.m.c.i.embedder.EclipseLogger - Using 'UTF-8' encoding to copy filtered resources.
2019-02-06 12:22:52,390 [Worker-43: Building workspace] INFO  o.e.m.c.i.embedder.EclipseLogger - Copying 0 resource
2019-02-06 12:22:52,390 [Worker-43: Building workspace] INFO  o.e.m.c.i.embedder.EclipseLogger - Copying 0 resource
2019-02-06 12:22:52,392 [Worker-43: Building workspace] INFO  o.e.m.c.i.embedder.EclipseLogger - Using 'UTF-8' encoding to copy filtered resources.
2019-02-06 12:22:52,392 [Worker-43: Building workspace] INFO  o.e.m.c.i.embedder.EclipseLogger - skip non existing resourceDirectory C:\164457_Vidhya\STS\Docker\SpringDocker\src\test\resources
2019-02-07 14:06:58,442 [Worker-447: Building workspace] INFO  o.e.m.c.i.l.LifecycleMappingFactory - Using org.eclipse.m2e.jdt.JarLifecycleMapping lifecycle mapping for MavenProject: com.vidhya.docker:SpringDocker:0.0.1-SNAPSHOT @ C:\164457_Vidhya\STS\Docker\SpringDocker\pom.xml.
2019-02-07 14:07:00,583 [Worker-447: Building workspace] INFO  o.e.m.c.i.embedder.EclipseLogger - Using 'UTF-8' encoding to copy filtered resources.
2019-02-07 14:07:00,585 [Worker-447: Building workspace] INFO  o.e.m.c.i.embedder.EclipseLogger - Copying 0 resource
2019-02-07 14:07:00,586 [Worker-447: Building workspace] INFO  o.e.m.c.i.embedder.EclipseLogger - Copying 0 resource
2019-02-07 14:07:00,587 [Worker-447: Building workspace] INFO  o.e.m.c.i.embedder.EclipseLogger - Using 'UTF-8' encoding to copy filtered resources.
2019-02-07 14:07:00,587 [Worker-447: Building workspace] INFO  o.e.m.c.i.embedder.EclipseLogger - skip non existing resourceDirectory C:\164457_Vidhya\STS\Docker\SpringDocker\src\test\resources
2019-02-07 14:07:06,278 [Worker-451: Building workspace] INFO  o.e.m.c.i.l.LifecycleMappingFactory - Using org.eclipse.m2e.jdt.JarLifecycleMapping lifecycle mapping for MavenProject: com.vidhya.docker:SpringDocker:0.0.1-SNAPSHOT @ C:\164457_Vidhya\STS\Docker\SpringDocker\pom.xml.
2019-02-07 14:07:07,817 [Worker-451: Building workspace] INFO  o.e.m.c.i.embedder.EclipseLogger - Using 'UTF-8' encoding to copy filtered resources.
2019-02-07 14:07:07,820 [Worker-451: Building workspace] INFO  o.e.m.c.i.embedder.EclipseLogger - Copying 0 resource
2019-02-07 14:07:07,820 [Worker-451: Building workspace] INFO  o.e.m.c.i.embedder.EclipseLogger - Copying 0 resource
2019-02-07 14:07:07,821 [Worker-451: Building workspace] INFO  o.e.m.c.i.embedder.EclipseLogger - Using 'UTF-8' encoding to copy filtered resources.
2019-02-07 14:07:07,821 [Worker-451: Building workspace] INFO  o.e.m.c.i.embedder.EclipseLogger - skip non existing resourceDirectory C:\164457_Vidhya\STS\Docker\SpringDocker\src\test\resources
2019-02-07 14:07:46,881 [Worker-453: Building workspace] INFO  o.e.m.c.i.l.LifecycleMappingFactory - Using org.eclipse.m2e.jdt.JarLifecycleMapping lifecycle mapping for MavenProject: com.vidhya.docker:SpringDocker:0.0.1-SNAPSHOT @ C:\164457_Vidhya\STS\Docker\SpringDocker\pom.xml.
2019-02-07 14:07:49,018 [Worker-453: Building workspace] INFO  o.e.m.c.i.embedder.EclipseLogger - Using 'UTF-8' encoding to copy filtered resources.
2019-02-07 14:07:49,021 [Worker-453: Building workspace] INFO  o.e.m.c.i.embedder.EclipseLogger - Copying 0 resource
2019-02-07 14:07:49,021 [Worker-453: Building workspace] INFO  o.e.m.c.i.embedder.EclipseLogger - Copying 0 resource
2019-02-07 14:07:49,023 [Worker-453: Building workspace] INFO  o.e.m.c.i.embedder.EclipseLogger - Using 'UTF-8' encoding to copy filtered resources.
2019-02-07 14:07:49,023 [Worker-453: Building workspace] INFO  o.e.m.c.i.embedder.EclipseLogger - skip non existing resourceDirectory C:\164457_Vidhya\STS\Docker\SpringDocker\src\test\resources
2019-02-07 14:08:24,534 [Worker-454: Updating Maven Project] INFO  o.e.m.c.i.p.ProjectConfigurationManager - Update started
2019-02-07 14:08:25,591 [Worker-454: Updating Maven Project] INFO  o.e.m.c.i.l.LifecycleMappingFactory - Using org.eclipse.m2e.jdt.JarLifecycleMapping lifecycle mapping for MavenProject: com.vidhya.docker:SpringDocker:0.0.1-SNAPSHOT @ C:\164457_Vidhya\STS\Docker\SpringDocker\pom.xml.
2019-02-07 14:08:26,481 [Worker-454: Updating Maven Project] INFO  o.e.m.j.i.AbstractJavaProjectConfigurator - Adding source folder /SpringDocker/src/main/java
2019-02-07 14:08:26,481 [Worker-454: Updating Maven Project] INFO  o.e.m.j.i.AbstractJavaProjectConfigurator - Adding resource folder /SpringDocker/src/main/resources
2019-02-07 14:08:26,482 [Worker-454: Updating Maven Project] INFO  o.e.m.j.i.AbstractJavaProjectConfigurator - Adding resource folder /SpringDocker/src/main/resources
2019-02-07 14:08:26,482 [Worker-454: Updating Maven Project] INFO  o.e.m.j.i.AbstractJavaProjectConfigurator - Adding source folder /SpringDocker/src/test/java
2019-02-07 14:08:27,021 [Worker-454: Updating Maven Project] INFO  o.e.m.c.i.p.ProjectConfigurationManager - Update completed: 2 sec
2019-02-07 14:08:30,765 [Worker-452: Building workspace] INFO  o.e.m.c.i.embedder.EclipseLogger - Using 'UTF-8' encoding to copy filtered resources.
2019-02-07 14:08:30,765 [Worker-452: Building workspace] INFO  o.e.m.c.i.embedder.EclipseLogger - Copying 1 resource
2019-02-07 14:08:30,825 [Worker-452: Building workspace] INFO  o.e.m.c.i.embedder.EclipseLogger - Copying 0 resource
2019-02-07 14:08:30,827 [Worker-452: Building workspace] INFO  o.e.m.c.i.embedder.EclipseLogger - Using 'UTF-8' encoding to copy filtered resources.
2019-02-07 14:08:30,827 [Worker-452: Building workspace] INFO  o.e.m.c.i.embedder.EclipseLogger - skip non existing resourceDirectory C:\164457_Vidhya\STS\Docker\SpringDocker\src\test\resources
2019-02-07 14:08:34,120 [Worker-454: Launching Executing clean in C__164457_Vidhya_STS_Docker_SpringDocker] INFO  o.e.m.i.launch.MavenLaunchDelegate - C:\164457_Vidhya\STS\Docker\SpringDocker
2019-02-07 14:08:34,120 [Worker-454: Launching Executing clean in C__164457_Vidhya_STS_Docker_SpringDocker] INFO  o.e.m.i.launch.MavenLaunchDelegate -  mvn -B clean
2019-02-07 14:08:38,522 [Worker-453: Building workspace] INFO  o.e.m.c.i.embedder.EclipseLogger - Using 'UTF-8' encoding to copy filtered resources.
2019-02-07 14:08:38,524 [Worker-453: Building workspace] INFO  o.e.m.c.i.embedder.EclipseLogger - Copying 1 resource
2019-02-07 14:08:38,526 [Worker-453: Building workspace] INFO  o.e.m.c.i.embedder.EclipseLogger - Copying 0 resource
2019-02-07 14:08:38,527 [Worker-453: Building workspace] INFO  o.e.m.c.i.embedder.EclipseLogger - Using 'UTF-8' encoding to copy filtered resources.
2019-02-07 14:08:38,527 [Worker-453: Building workspace] INFO  o.e.m.c.i.embedder.EclipseLogger - skip non existing resourceDirectory C:\164457_Vidhya\STS\Docker\SpringDocker\src\test\resources
2019-02-07 14:08:44,895 [Worker-451: Launching Executing install in C__164457_Vidhya_STS_Docker_SpringDocker] INFO  o.e.m.i.launch.MavenLaunchDelegate - C:\164457_Vidhya\STS\Docker\SpringDocker
2019-02-07 14:08:44,895 [Worker-451: Launching Executing install in C__164457_Vidhya_STS_Docker_SpringDocker] INFO  o.e.m.i.launch.MavenLaunchDelegate -  mvn -B install
2019-02-07 14:09:03,066 [Worker-447: Building workspace] INFO  o.e.m.c.i.embedder.EclipseLogger - Using 'UTF-8' encoding to copy filtered resources.
2019-02-07 14:09:03,067 [Worker-447: Building workspace] INFO  o.e.m.c.i.embedder.EclipseLogger - Copying 1 resource
2019-02-07 14:09:03,069 [Worker-447: Building workspace] INFO  o.e.m.c.i.embedder.EclipseLogger - Copying 0 resource
2019-02-07 14:09:03,070 [Worker-447: Building workspace] INFO  o.e.m.c.i.embedder.EclipseLogger - Using 'UTF-8' encoding to copy filtered resources.
2019-02-07 14:09:03,070 [Worker-447: Building workspace] INFO  o.e.m.c.i.embedder.EclipseLogger - skip non existing resourceDirectory C:\164457_Vidhya\STS\Docker\SpringDocker\src\test\resources
2019-02-07 14:20:29,392 [Worker-452: Launching Executing clean in C__164457_Vidhya_STS_Docker_SpringDocker] INFO  o.e.m.i.launch.MavenLaunchDelegate - C:\164457_Vidhya\STS\Docker\SpringDocker
2019-02-07 14:20:29,392 [Worker-452: Launching Executing clean in C__164457_Vidhya_STS_Docker_SpringDocker] INFO  o.e.m.i.launch.MavenLaunchDelegate -  mvn -B clean
2019-02-07 14:20:32,187 [Worker-452: Building workspace] INFO  o.e.m.c.i.embedder.EclipseLogger - Using 'UTF-8' encoding to copy filtered resources.
2019-02-07 14:20:32,188 [Worker-452: Building workspace] INFO  o.e.m.c.i.embedder.EclipseLogger - Copying 1 resource
2019-02-07 14:20:32,190 [Worker-452: Building workspace] INFO  o.e.m.c.i.embedder.EclipseLogger - Copying 0 resource
2019-02-07 14:20:32,191 [Worker-452: Building workspace] INFO  o.e.m.c.i.embedder.EclipseLogger - Using 'UTF-8' encoding to copy filtered resources.
2019-02-07 14:20:32,191 [Worker-452: Building workspace] INFO  o.e.m.c.i.embedder.EclipseLogger - skip non existing resourceDirectory C:\164457_Vidhya\STS\Docker\SpringDocker\src\test\resources
2019-02-07 14:20:42,439 [Worker-457: Launching Executing install in C__164457_Vidhya_STS_Docker_SpringDocker] INFO  o.e.m.i.launch.MavenLaunchDelegate - C:\164457_Vidhya\STS\Docker\SpringDocker
2019-02-07 14:20:42,439 [Worker-457: Launching Executing install in C__164457_Vidhya_STS_Docker_SpringDocker] INFO  o.e.m.i.launch.MavenLaunchDelegate -  mvn -B install
2019-02-07 14:20:55,346 [Worker-456: Building workspace] INFO  o.e.m.c.i.embedder.EclipseLogger - Using 'UTF-8' encoding to copy filtered resources.
2019-02-07 14:20:55,347 [Worker-456: Building workspace] INFO  o.e.m.c.i.embedder.EclipseLogger - Copying 1 resource
2019-02-07 14:20:55,349 [Worker-456: Building workspace] INFO  o.e.m.c.i.embedder.EclipseLogger - Copying 0 resource
2019-02-07 14:20:55,357 [Worker-456: Building workspace] INFO  o.e.m.c.i.embedder.EclipseLogger - Using 'UTF-8' encoding to copy filtered resources.
2019-02-07 14:20:55,358 [Worker-456: Building workspace] INFO  o.e.m.c.i.embedder.EclipseLogger - skip non existing resourceDirectory C:\164457_Vidhya\STS\Docker\SpringDocker\src\test\resources
